#
# There is insufficient memory for the Java Runtime Environment to continue.
# Native memory allocation (malloc) failed to allocate 1872976 bytes. Error detail: Chunk::new
# Possible reasons:
#   The system is out of physical RAM or swap space
#   This process is running with CompressedOops enabled, and the Java Heap may be blocking the growth of the native heap
# Possible solutions:
#   Reduce memory load on the system
#   Increase physical memory or swap space
#   Check if swap backing store is full
#   Decrease Java heap size (-Xmx/-Xms)
#   Decrease number of Java threads
#   Decrease Java thread stack sizes (-Xss)
#   Set larger code cache with -XX:ReservedCodeCacheSize=
#   JVM is running with Unscaled Compressed Oops mode in which the Java heap is
#     placed in the first 4GB address space. The Java Heap base address is the
#     maximum limit for the native heap growth. Please use -XX:HeapBaseMinAddress
#     to set the Java Heap base and to place the Java Heap above 4GB virtual address.
# This output file may be truncated or incomplete.
#
#  Out of Memory Error (arena.cpp:162), pid=1852, tid=22364
#
# JRE version: Java(TM) SE Runtime Environment (24.0.2+12) (build 24.0.2+12-54)
# Java VM: Java HotSpot(TM) 64-Bit Server VM (24.0.2+12-54, mixed mode, sharing, tiered, compressed oops, compressed class ptrs, g1 gc, windows-amd64)
# No core dump will be written. Minidumps are not enabled by default on client versions of Windows
#

---------------  S U M M A R Y ------------

Command Line: -Dcom.sun.management.jmxremote -Dcom.sun.management.jmxremote.port=62988 -Dcom.sun.management.jmxremote.authenticate=false -Dcom.sun.management.jmxremote.ssl=false -Dspring.jmx.enabled=true -Djava.rmi.server.hostname=localhost -Dspring.application.admin.enabled=true -Dspring.boot.project.name=breakfast -XX:+ShowCodeDetailsInExceptionMessages -Dmanagement.endpoints.jmx.exposure.include=* com.sulwork.breakfast.BreakfastApplication

Host: 11th Gen Intel(R) Core(TM) i3-1115G4 @ 3.00GHz, 4 cores, 3G,  Windows 11 , 64 bit Build 26100 (10.0.26100.4768)
Time: Thu Aug 28 15:47:48 2025 Hora oficial do Brasil elapsed time: 29.448514 seconds (0d 0h 0m 29s)

---------------  T H R E A D  ---------------

Current thread (0x000001ecadb27040):  JavaThread "C2 CompilerThread0" daemon [_thread_in_native, id=22364, stack(0x00000064e3a00000,0x00000064e3b00000) (1024K)]


Current CompileTask:
C2:29449 2662       4       java.lang.invoke.MethodType::methodType (69 bytes)

Stack: [0x00000064e3a00000,0x00000064e3b00000]
Native frames: (J=compiled Java code, j=interpreted, Vv=VM code, C=native code)
V  [jvm.dll+0x730829]  (no source info available)
V  [jvm.dll+0x8d9da3]  (no source info available)
V  [jvm.dll+0x8dc28d]  (no source info available)
V  [jvm.dll+0x8dc903]  (no source info available)
V  [jvm.dll+0x2a9f56]  (no source info available)
V  [jvm.dll+0xced7f]  (no source info available)
V  [jvm.dll+0xcefdf]  (no source info available)
V  [jvm.dll+0x3f3642]  (no source info available)
V  [jvm.dll+0x3c0040]  (no source info available)
V  [jvm.dll+0x3bf4ca]  (no source info available)
V  [jvm.dll+0x26f637]  (no source info available)
V  [jvm.dll+0x26e8ff]  (no source info available)
V  [jvm.dll+0x1e9c90]  (no source info available)
V  [jvm.dll+0x27e0cb]  (no source info available)
V  [jvm.dll+0x27c36a]  (no source info available)
V  [jvm.dll+0x42f396]  (no source info available)
V  [jvm.dll+0x87d9eb]  (no source info available)
V  [jvm.dll+0x72ef45]  (no source info available)
C  [ucrtbase.dll+0x37b0]  (no source info available)
C  [KERNEL32.DLL+0x2e8d7]  (no source info available)
C  [ntdll.dll+0x3c34c]  (no source info available)

Lock stack of current Java thread (top to bottom):


---------------  P R O C E S S  ---------------

Threads class SMR info:
_java_thread_list=0x000001ecf3fceff0, length=15, elements={
0x000001ec92c1b7b0, 0x000001ecadb05000, 0x000001ecadb09b30, 0x000001ecadb0ecd0,
0x000001ecadb0f8f0, 0x000001ecadb10510, 0x000001ecadb11130, 0x000001ecadb27040,
0x000001ecadb294a0, 0x000001ecadc82500, 0x000001ecadc86f10, 0x000001ecf3cc57c0,
0x000001ecf3cd5650, 0x000001ecf3cf9790, 0x000001ecf34b7100
}

Java Threads: ( => current thread )
  0x000001ec92c1b7b0 JavaThread "main"                              [_thread_in_native, id=5008, stack(0x00000064e2c00000,0x00000064e2d00000) (1024K)]
  0x000001ecadb05000 JavaThread "Reference Handler"          daemon [_thread_blocked, id=5416, stack(0x00000064e3400000,0x00000064e3500000) (1024K)]
  0x000001ecadb09b30 JavaThread "Finalizer"                  daemon [_thread_blocked, id=20676, stack(0x00000064e3500000,0x00000064e3600000) (1024K)]
  0x000001ecadb0ecd0 JavaThread "Signal Dispatcher"          daemon [_thread_blocked, id=16028, stack(0x00000064e3600000,0x00000064e3700000) (1024K)]
  0x000001ecadb0f8f0 JavaThread "Attach Listener"            daemon [_thread_blocked, id=9008, stack(0x00000064e3700000,0x00000064e3800000) (1024K)]
  0x000001ecadb10510 JavaThread "Service Thread"             daemon [_thread_blocked, id=14048, stack(0x00000064e3800000,0x00000064e3900000) (1024K)]
  0x000001ecadb11130 JavaThread "Monitor Deflation Thread"   daemon [_thread_blocked, id=17996, stack(0x00000064e3900000,0x00000064e3a00000) (1024K)]
=>0x000001ecadb27040 JavaThread "C2 CompilerThread0"         daemon [_thread_in_native, id=22364, stack(0x00000064e3a00000,0x00000064e3b00000) (1024K)]
  0x000001ecadb294a0 JavaThread "C1 CompilerThread0"         daemon [_thread_blocked, id=13832, stack(0x00000064e3b00000,0x00000064e3c00000) (1024K)]
  0x000001ecadc82500 JavaThread "Notification Thread"        daemon [_thread_blocked, id=19280, stack(0x00000064e3c00000,0x00000064e3d00000) (1024K)]
  0x000001ecadc86f10 JavaThread "Common-Cleaner"             daemon [_thread_blocked, id=7308, stack(0x00000064e3d00000,0x00000064e3e00000) (1024K)]
  0x000001ecf3cc57c0 JavaThread "RMI TCP Accept-0"           daemon [_thread_in_native, id=9416, stack(0x00000064e3e00000,0x00000064e3f00000) (1024K)]
  0x000001ecf3cd5650 JavaThread "RMI TCP Accept-62988"       daemon [_thread_in_native, id=16984, stack(0x00000064e3f00000,0x00000064e4000000) (1024K)]
  0x000001ecf3cf9790 JavaThread "RMI TCP Accept-0"           daemon [_thread_in_native, id=17952, stack(0x00000064e4000000,0x00000064e4100000) (1024K)]
  0x000001ecf34b7100 JavaThread "background-preinit"                [_thread_in_Java, id=22748, stack(0x00000064e4400000,0x00000064e4500000) (1024K)]
Total: 15

Other Threads:
  0x000001ecadaf2860 VMThread "VM Thread"                           [id=20088, stack(0x00000064e3300000,0x00000064e3400000) (1024K)]
  0x000001ec92cd0b60 WatcherThread "VM Periodic Task Thread"        [id=22056, stack(0x00000064e3200000,0x00000064e3300000) (1024K)]
  0x000001ec92c61140 WorkerThread "GC Thread#0"                     [id=21732, stack(0x00000064e2d00000,0x00000064e2e00000) (1024K)]
  0x000001ecf3d7f840 WorkerThread "GC Thread#1"                     [id=10020, stack(0x00000064e4100000,0x00000064e4200000) (1024K)]
  0x000001ecf3d90ab0 WorkerThread "GC Thread#2"                     [id=6040, stack(0x00000064e4200000,0x00000064e4300000) (1024K)]
  0x000001ecf3ded0b0 WorkerThread "GC Thread#3"                     [id=22156, stack(0x00000064e4300000,0x00000064e4400000) (1024K)]
  0x000001ec92c6cd80 ConcurrentGCThread "G1 Main Marker"            [id=10732, stack(0x00000064e2e00000,0x00000064e2f00000) (1024K)]
  0x000001ec92c6d890 WorkerThread "G1 Conc#0"                       [id=24504, stack(0x00000064e2f00000,0x00000064e3000000) (1024K)]
  0x000001ec92cc6cc0 ConcurrentGCThread "G1 Refine#0"               [id=24260, stack(0x00000064e3000000,0x00000064e3100000) (1024K)]
  0x000001ec92cc86f0 ConcurrentGCThread "G1 Service"                [id=12660, stack(0x00000064e3100000,0x00000064e3200000) (1024K)]
Total: 10

Threads with active compile tasks:
C2 CompilerThread0  29696 2662       4       java.lang.invoke.MethodType::methodType (69 bytes)
Total: 1

VM state: not at safepoint (normal execution)

VM Mutex/Monitor currently owned by a thread: None

Heap address: 0x00000000c4400000, size: 956 MB, Compressed Oops mode: 32-bit

CDS archive(s) mapped at: [0x000001ecae000000-0x000001ecaed40000-0x000001ecaed40000), size 13893632, SharedBaseAddress: 0x000001ecae000000, ArchiveRelocationMode: 1.
Compressed class space mapped at: 0x000001ecaf000000-0x000001ecef000000, reserved size: 1073741824
UseCompressedClassPointers 1, UseCompactObjectHeaders 0
Narrow klass pointer bits 32, Max shift 3
Narrow klass base: 0x000001ecae000000, Narrow klass shift: 0
Encoding Range: [0x000001ecae000000 - 0x000001edae000000), (4294967296 bytes)
Klass Range:    [0x000001ecae000000 - 0x000001ecef000000), (1090519040 bytes)
Klass ID Range:  [8 - 1090519033) (1090519025)

GC Precious Log:
 CardTable entry size: 512
 Card Set container configuration: InlinePtr #cards 5 size 8 Array Of Cards #cards 10 size 36 Howl #buckets 4 coarsen threshold 1843 Howl Bitmap #cards 512 size 80 coarsen threshold 460 Card regions per heap region 1 cards per card region 2048
 CPUs: 4 total, 4 available
 Memory: 3819M
 Large Page Support: Disabled
 NUMA Support: Disabled
 Compressed Oops: Enabled (32-bit)
 Heap Region Size: 1M
 Heap Min Capacity: 8M
 Heap Initial Capacity: 60M
 Heap Max Capacity: 956M
 Pre-touch: Disabled
 Parallel Workers: 4
 Concurrent Workers: 1
 Concurrent Refinement Workers: 4
 Periodic GC: Disabled

Heap:
 garbage-first heap   total reserved 978944K, committed 63488K, used 27606K [0x00000000c4400000, 0x0000000100000000)
  region size 1024K, 19 young (19456K), 2 survivors (2048K)
 Metaspace       used 19014K, committed 19264K, reserved 1114112K
  class space    used 1990K, committed 2112K, reserved 1048576K

Heap Regions: E=young(eden), S=young(survivor), O=old, HS=humongous(starts), HC=humongous(continues), CS=collection set, F=free, TAMS=top-at-mark-start, PB=parsable bottom
|   0|0x00000000c4400000, 0x00000000c4500000, 0x00000000c4500000|100%|HS|  |TAMS 0x00000000c4400000| PB 0x00000000c4400000| Complete |  0
|   1|0x00000000c4500000, 0x00000000c4600000, 0x00000000c4600000|100%|HS|  |TAMS 0x00000000c4500000| PB 0x00000000c4500000| Complete |  0
|   2|0x00000000c4600000, 0x00000000c4700000, 0x00000000c4700000|100%| O|  |TAMS 0x00000000c4600000| PB 0x00000000c4600000| Untracked |  0
|   3|0x00000000c4700000, 0x00000000c4800000, 0x00000000c4800000|100%| O|  |TAMS 0x00000000c4700000| PB 0x00000000c4700000| Untracked |  0
|   4|0x00000000c4800000, 0x00000000c4900000, 0x00000000c4900000|100%| O|  |TAMS 0x00000000c4800000| PB 0x00000000c4800000| Untracked |  0
|   5|0x00000000c4900000, 0x00000000c4a00000, 0x00000000c4a00000|100%| O|  |TAMS 0x00000000c4900000| PB 0x00000000c4900000| Untracked |  0
|   6|0x00000000c4a00000, 0x00000000c4b00000, 0x00000000c4b00000|100%| O|  |TAMS 0x00000000c4a00000| PB 0x00000000c4a00000| Untracked |  0
|   7|0x00000000c4b00000, 0x00000000c4c00000, 0x00000000c4c00000|100%| O|  |TAMS 0x00000000c4b00000| PB 0x00000000c4b00000| Untracked |  0
|   8|0x00000000c4c00000, 0x00000000c4d00000, 0x00000000c4d00000|100%| O|  |TAMS 0x00000000c4c00000| PB 0x00000000c4c00000| Untracked |  0
|   9|0x00000000c4d00000, 0x00000000c4d35f58, 0x00000000c4e00000| 21%| O|  |TAMS 0x00000000c4d00000| PB 0x00000000c4d00000| Untracked |  0
|  10|0x00000000c4e00000, 0x00000000c4e00000, 0x00000000c4f00000|  0%| F|  |TAMS 0x00000000c4e00000| PB 0x00000000c4e00000| Untracked |  0
|  11|0x00000000c4f00000, 0x00000000c4f00000, 0x00000000c5000000|  0%| F|  |TAMS 0x00000000c4f00000| PB 0x00000000c4f00000| Untracked |  0
|  12|0x00000000c5000000, 0x00000000c5000000, 0x00000000c5100000|  0%| F|  |TAMS 0x00000000c5000000| PB 0x00000000c5000000| Untracked |  0
|  13|0x00000000c5100000, 0x00000000c5100000, 0x00000000c5200000|  0%| F|  |TAMS 0x00000000c5100000| PB 0x00000000c5100000| Untracked |  0
|  14|0x00000000c5200000, 0x00000000c5200000, 0x00000000c5300000|  0%| F|  |TAMS 0x00000000c5200000| PB 0x00000000c5200000| Untracked |  0
|  15|0x00000000c5300000, 0x00000000c5300000, 0x00000000c5400000|  0%| F|  |TAMS 0x00000000c5300000| PB 0x00000000c5300000| Untracked |  0
|  16|0x00000000c5400000, 0x00000000c5400000, 0x00000000c5500000|  0%| F|  |TAMS 0x00000000c5400000| PB 0x00000000c5400000| Untracked |  0
|  17|0x00000000c5500000, 0x00000000c5500000, 0x00000000c5600000|  0%| F|  |TAMS 0x00000000c5500000| PB 0x00000000c5500000| Untracked |  0
|  18|0x00000000c5600000, 0x00000000c5600000, 0x00000000c5700000|  0%| F|  |TAMS 0x00000000c5600000| PB 0x00000000c5600000| Untracked |  0
|  19|0x00000000c5700000, 0x00000000c5700000, 0x00000000c5800000|  0%| F|  |TAMS 0x00000000c5700000| PB 0x00000000c5700000| Untracked |  0
|  20|0x00000000c5800000, 0x00000000c5800000, 0x00000000c5900000|  0%| F|  |TAMS 0x00000000c5800000| PB 0x00000000c5800000| Untracked |  0
|  21|0x00000000c5900000, 0x00000000c5900000, 0x00000000c5a00000|  0%| F|  |TAMS 0x00000000c5900000| PB 0x00000000c5900000| Untracked |  0
|  22|0x00000000c5a00000, 0x00000000c5a00000, 0x00000000c5b00000|  0%| F|  |TAMS 0x00000000c5a00000| PB 0x00000000c5a00000| Untracked |  0
|  23|0x00000000c5b00000, 0x00000000c5b00000, 0x00000000c5c00000|  0%| F|  |TAMS 0x00000000c5b00000| PB 0x00000000c5b00000| Untracked |  0
|  24|0x00000000c5c00000, 0x00000000c5c00000, 0x00000000c5d00000|  0%| F|  |TAMS 0x00000000c5c00000| PB 0x00000000c5c00000| Untracked |  0
|  25|0x00000000c5d00000, 0x00000000c5d00000, 0x00000000c5e00000|  0%| F|  |TAMS 0x00000000c5d00000| PB 0x00000000c5d00000| Untracked |  0
|  26|0x00000000c5e00000, 0x00000000c5e00000, 0x00000000c5f00000|  0%| F|  |TAMS 0x00000000c5e00000| PB 0x00000000c5e00000| Untracked |  0
|  27|0x00000000c5f00000, 0x00000000c5f00000, 0x00000000c6000000|  0%| F|  |TAMS 0x00000000c5f00000| PB 0x00000000c5f00000| Untracked |  0
|  28|0x00000000c6000000, 0x00000000c6000000, 0x00000000c6100000|  0%| F|  |TAMS 0x00000000c6000000| PB 0x00000000c6000000| Untracked |  0
|  29|0x00000000c6100000, 0x00000000c6100000, 0x00000000c6200000|  0%| F|  |TAMS 0x00000000c6100000| PB 0x00000000c6100000| Untracked |  0
|  30|0x00000000c6200000, 0x00000000c6200000, 0x00000000c6300000|  0%| F|  |TAMS 0x00000000c6200000| PB 0x00000000c6200000| Untracked |  0
|  31|0x00000000c6300000, 0x00000000c6300000, 0x00000000c6400000|  0%| F|  |TAMS 0x00000000c6300000| PB 0x00000000c6300000| Untracked |  0
|  32|0x00000000c6400000, 0x00000000c6400000, 0x00000000c6500000|  0%| F|  |TAMS 0x00000000c6400000| PB 0x00000000c6400000| Untracked |  0
|  33|0x00000000c6500000, 0x00000000c6500000, 0x00000000c6600000|  0%| F|  |TAMS 0x00000000c6500000| PB 0x00000000c6500000| Untracked |  0
|  34|0x00000000c6600000, 0x00000000c6600000, 0x00000000c6700000|  0%| F|  |TAMS 0x00000000c6600000| PB 0x00000000c6600000| Untracked |  0
|  35|0x00000000c6700000, 0x00000000c6700000, 0x00000000c6800000|  0%| F|  |TAMS 0x00000000c6700000| PB 0x00000000c6700000| Untracked |  0
|  36|0x00000000c6800000, 0x00000000c68a2870, 0x00000000c6900000| 63%| S|CS|TAMS 0x00000000c6800000| PB 0x00000000c6800000| Complete |  0
|  37|0x00000000c6900000, 0x00000000c6a00000, 0x00000000c6a00000|100%| S|CS|TAMS 0x00000000c6900000| PB 0x00000000c6900000| Complete |  0
|  38|0x00000000c6a00000, 0x00000000c6a00000, 0x00000000c6b00000|  0%| F|  |TAMS 0x00000000c6a00000| PB 0x00000000c6a00000| Untracked |  0
|  39|0x00000000c6b00000, 0x00000000c6b00000, 0x00000000c6c00000|  0%| F|  |TAMS 0x00000000c6b00000| PB 0x00000000c6b00000| Untracked |  0
|  40|0x00000000c6c00000, 0x00000000c6c00000, 0x00000000c6d00000|  0%| F|  |TAMS 0x00000000c6c00000| PB 0x00000000c6c00000| Untracked |  0
|  41|0x00000000c6d00000, 0x00000000c6d00000, 0x00000000c6e00000|  0%| F|  |TAMS 0x00000000c6d00000| PB 0x00000000c6d00000| Untracked |  0
|  42|0x00000000c6e00000, 0x00000000c6e00000, 0x00000000c6f00000|  0%| F|  |TAMS 0x00000000c6e00000| PB 0x00000000c6e00000| Untracked |  0
|  43|0x00000000c6f00000, 0x00000000c6f91bb8, 0x00000000c7000000| 56%| E|  |TAMS 0x00000000c6f00000| PB 0x00000000c6f00000| Complete |  0
|  44|0x00000000c7000000, 0x00000000c7100000, 0x00000000c7100000|100%| E|CS|TAMS 0x00000000c7000000| PB 0x00000000c7000000| Complete |  0
|  45|0x00000000c7100000, 0x00000000c7200000, 0x00000000c7200000|100%| E|CS|TAMS 0x00000000c7100000| PB 0x00000000c7100000| Complete |  0
|  46|0x00000000c7200000, 0x00000000c7300000, 0x00000000c7300000|100%| E|CS|TAMS 0x00000000c7200000| PB 0x00000000c7200000| Complete |  0
|  47|0x00000000c7300000, 0x00000000c7400000, 0x00000000c7400000|100%| E|CS|TAMS 0x00000000c7300000| PB 0x00000000c7300000| Complete |  0
|  48|0x00000000c7400000, 0x00000000c7500000, 0x00000000c7500000|100%| E|  |TAMS 0x00000000c7400000| PB 0x00000000c7400000| Complete |  0
|  49|0x00000000c7500000, 0x00000000c7600000, 0x00000000c7600000|100%| E|CS|TAMS 0x00000000c7500000| PB 0x00000000c7500000| Complete |  0
|  50|0x00000000c7600000, 0x00000000c7700000, 0x00000000c7700000|100%| E|CS|TAMS 0x00000000c7600000| PB 0x00000000c7600000| Complete |  0
|  51|0x00000000c7700000, 0x00000000c7800000, 0x00000000c7800000|100%| E|CS|TAMS 0x00000000c7700000| PB 0x00000000c7700000| Complete |  0
|  52|0x00000000c7800000, 0x00000000c7900000, 0x00000000c7900000|100%| E|CS|TAMS 0x00000000c7800000| PB 0x00000000c7800000| Complete |  0
|  53|0x00000000c7900000, 0x00000000c7a00000, 0x00000000c7a00000|100%| E|CS|TAMS 0x00000000c7900000| PB 0x00000000c7900000| Complete |  0
|  54|0x00000000c7a00000, 0x00000000c7b00000, 0x00000000c7b00000|100%| E|CS|TAMS 0x00000000c7a00000| PB 0x00000000c7a00000| Complete |  0
|  55|0x00000000c7b00000, 0x00000000c7c00000, 0x00000000c7c00000|100%| E|CS|TAMS 0x00000000c7b00000| PB 0x00000000c7b00000| Complete |  0
|  56|0x00000000c7c00000, 0x00000000c7d00000, 0x00000000c7d00000|100%| E|CS|TAMS 0x00000000c7c00000| PB 0x00000000c7c00000| Complete |  0
|  57|0x00000000c7d00000, 0x00000000c7e00000, 0x00000000c7e00000|100%| E|CS|TAMS 0x00000000c7d00000| PB 0x00000000c7d00000| Complete |  0
|  58|0x00000000c7e00000, 0x00000000c7f00000, 0x00000000c7f00000|100%| E|CS|TAMS 0x00000000c7e00000| PB 0x00000000c7e00000| Complete |  0
|  59|0x00000000c7f00000, 0x00000000c8000000, 0x00000000c8000000|100%| E|CS|TAMS 0x00000000c7f00000| PB 0x00000000c7f00000| Complete |  0
| 954|0x00000000ffe00000, 0x00000000fff00000, 0x00000000fff00000|100%| O|  |TAMS 0x00000000ffe00000| PB 0x00000000ffe00000| Untracked |  0
| 955|0x00000000fff00000, 0x00000000fff1d248, 0x0000000100000000| 11%| O|  |TAMS 0x00000000fff00000| PB 0x00000000fff00000| Untracked |  0

Card table byte_map: [0x000001ecaa4c0000,0x000001ecaa6a0000] _byte_map_base: 0x000001eca9e9e000

Marking Bits: (CMBitMap*) 0x000001ec92c61850
 Bits: [0x000001ecaa6a0000, 0x000001ecab590000)

Polling page: 0x000001ec90a10000

Metaspace:

Usage:
  Non-class:     16.63 MB used.
      Class:      1.94 MB used.
       Both:     18.57 MB used.

Virtual space:
  Non-class space:       64.00 MB reserved,      16.75 MB ( 26%) committed,  1 nodes.
      Class space:        1.00 GB reserved,       2.06 MB ( <1%) committed,  1 nodes.
             Both:        1.06 GB reserved,      18.81 MB (  2%) committed. 

Chunk freelists:
   Non-Class:  14.69 MB
       Class:  13.98 MB
        Both:  28.67 MB

MaxMetaspaceSize: unlimited
CompressedClassSpaceSize: 1.00 GB
Initial GC threshold: 21.00 MB
Current GC threshold: 21.00 MB
CDS: on
 - commit_granule_bytes: 65536.
 - commit_granule_words: 8192.
 - virtual_space_node_default_size: 8388608.
 - enlarge_chunks_in_place: 1.
UseCompressedClassPointers 1, UseCompactObjectHeaders 0
Narrow klass pointer bits 32, Max shift 3
Narrow klass base: 0x000001ecae000000, Narrow klass shift: 0
Encoding Range: [0x000001ecae000000 - 0x000001edae000000), (4294967296 bytes)
Klass Range:    [0x000001ecae000000 - 0x000001ecef000000), (1090519040 bytes)
Klass ID Range:  [8 - 1090519033) (1090519025)


Internal statistics:

num_allocs_failed_limit: 0.
num_arena_births: 234.
num_arena_deaths: 0.
num_vsnodes_births: 2.
num_vsnodes_deaths: 0.
num_space_committed: 301.
num_space_uncommitted: 0.
num_chunks_returned_to_freelist: 0.
num_chunks_taken_from_freelist: 710.
num_chunk_merges: 0.
num_chunk_splits: 478.
num_chunks_enlarged: 349.
num_inconsistent_stats: 0.

CodeHeap 'non-profiled nmethods': size=120064Kb used=821Kb max_used=821Kb free=119242Kb
 bounds [0x000001eca2f80000, 0x000001eca31f0000, 0x000001ecaa4c0000]
CodeHeap 'profiled nmethods': size=120000Kb used=4509Kb max_used=4509Kb free=115490Kb
 bounds [0x000001ec9b4c0000, 0x000001ec9b930000, 0x000001eca29f0000]
CodeHeap 'non-nmethods': size=5696Kb used=1478Kb max_used=1512Kb free=4217Kb
 bounds [0x000001eca29f0000, 0x000001eca2c60000, 0x000001eca2f80000]
CodeCache: size=245760Kb, used=6808Kb, max_used=6842Kb, free=238949Kb
 total_blobs=3271, nmethods=2751, adapters=424, full_count=0
Compilation: enabled, stopped_count=0, restarted_count=0

Compilation events (20 events):
Event: 29.318 Thread 0x000001ecadb294a0 2683       3       org.springframework.util.AntPathMatcher::skipSeparator (30 bytes)
Event: 29.318 Thread 0x000001ecadb294a0 nmethod 2683 0x000001ec9b8f0088 code [0x000001ec9b8f01c0, 0x000001ec9b8f0648]
Event: 29.318 Thread 0x000001ecadb294a0 2684       3       org.springframework.util.AntPathMatcher::matchStrings (11 bytes)
Event: 29.318 Thread 0x000001ecadb294a0 nmethod 2684 0x000001ec9b8f0688 code [0x000001ec9b8f07c0, 0x000001ec9b8f0980]
Event: 29.318 Thread 0x000001ecadb294a0 2685       3       org.springframework.util.AntPathMatcher::getStringMatcher (102 bytes)
Event: 29.319 Thread 0x000001ecadb294a0 nmethod 2685 0x000001ec9b8f0a08 code [0x000001ec9b8f0bc0, 0x000001ec9b8f1690]
Event: 29.319 Thread 0x000001ecadb294a0 2686       3       org.springframework.util.AntPathMatcher$AntPathStringMatcher::matchStrings (181 bytes)
Event: 29.320 Thread 0x000001ecadb294a0 nmethod 2686 0x000001ec9b8f1708 code [0x000001ec9b8f1980, 0x000001ec9b8f2bd0]
Event: 29.320 Thread 0x000001ecadb294a0 2687       1       sun.nio.fs.WindowsFileSystem::provider (5 bytes)
Event: 29.320 Thread 0x000001ecadb294a0 nmethod 2687 0x000001eca304bd08 code [0x000001eca304be00, 0x000001eca304bec8]
Event: 29.345 Thread 0x000001ecadb294a0 2688       3       java.util.regex.Pattern$Slice::match (79 bytes)
Event: 29.346 Thread 0x000001ecadb294a0 nmethod 2688 0x000001ec9b8f2c88 code [0x000001ec9b8f2de0, 0x000001ec9b8f3248]
Event: 29.346 Thread 0x000001ecadb294a0 2689       3       java.util.StringTokenizer::scanToken (179 bytes)
Event: 29.348 Thread 0x000001ecadb294a0 nmethod 2689 0x000001ec9b8f3288 code [0x000001ec9b8f3500, 0x000001ec9b8f49b8]
Event: 29.358 Thread 0x000001ecadb294a0 2691       3       java.lang.Character::isLowSurrogate (18 bytes)
Event: 29.358 Thread 0x000001ecadb294a0 nmethod 2691 0x000001ec9b8f4a88 code [0x000001ec9b8f4ba0, 0x000001ec9b8f4d08]
Event: 29.358 Thread 0x000001ecadb294a0 2690       3       java.lang.Character::codePointBefore (48 bytes)
Event: 29.359 Thread 0x000001ecadb294a0 nmethod 2690 0x000001ec9b8f4d88 code [0x000001ec9b8f4ee0, 0x000001ec9b8f5448]
Event: 29.367 Thread 0x000001ecadb294a0 2692       3       java.lang.ThreadLocal::getCarrierThreadLocal (29 bytes)
Event: 29.367 Thread 0x000001ecadb294a0 nmethod 2692 0x000001ec9b8f5488 code [0x000001ec9b8f55a0, 0x000001ec9b8f5700]

GC Heap History (4 events):
Event: 22.046 GC heap before
{Heap before GC invocations=0 (full 0):
 garbage-first heap   total reserved 978944K, committed 63488K, used 31860K [0x00000000c4400000, 0x0000000100000000)
  region size 1024K, 28 young (28672K), 0 survivors (0K)
 Metaspace       used 8704K, committed 8896K, reserved 1114112K
  class space    used 767K, committed 832K, reserved 1048576K
}
Event: 22.121 GC heap after
{Heap after GC invocations=1 (full 0):
 garbage-first heap   total reserved 978944K, committed 63488K, used 10179K [0x00000000c4400000, 0x0000000100000000)
  region size 1024K, 4 young (4096K), 4 survivors (4096K)
 Metaspace       used 8704K, committed 8896K, reserved 1114112K
  class space    used 767K, committed 832K, reserved 1048576K
}
Event: 27.963 GC heap before
{Heap before GC invocations=1 (full 0):
 garbage-first heap   total reserved 978944K, committed 63488K, used 32707K [0x00000000c4400000, 0x0000000100000000)
  region size 1024K, 26 young (26624K), 4 survivors (4096K)
 Metaspace       used 13882K, committed 14144K, reserved 1114112K
  class space    used 1432K, committed 1536K, reserved 1048576K
}
Event: 27.973 GC heap after
{Heap after GC invocations=2 (full 0):
 garbage-first heap   total reserved 978944K, committed 63488K, used 12246K [0x00000000c4400000, 0x0000000100000000)
  region size 1024K, 2 young (2048K), 2 survivors (2048K)
 Metaspace       used 13882K, committed 14144K, reserved 1114112K
  class space    used 1432K, committed 1536K, reserved 1048576K
}

Dll operation events (9 events):
Event: 0.835 Loaded shared library C:\Program Files\Java\jdk-24\bin\java.dll
Event: 3.866 Loaded shared library C:\Program Files\Java\jdk-24\bin\jsvml.dll
Event: 7.286 Loaded shared library C:\Program Files\Java\jdk-24\bin\jimage.dll
Event: 7.481 Loaded shared library C:\Program Files\Java\jdk-24\bin\net.dll
Event: 7.527 Loaded shared library C:\Program Files\Java\jdk-24\bin\nio.dll
Event: 7.633 Loaded shared library C:\Program Files\Java\jdk-24\bin\zip.dll
Event: 10.219 Loaded shared library C:\Program Files\Java\jdk-24\bin\management.dll
Event: 10.506 Loaded shared library C:\Program Files\Java\jdk-24\bin\management_ext.dll
Event: 16.661 Loaded shared library C:\Program Files\Java\jdk-24\bin\extnet.dll

Deoptimization events (20 events):
Event: 29.054 Thread 0x000001ec92c1b7b0 Uncommon trap: trap_request=0xffffff4d fr.pc=0x000001eca2feaa60 relative=0x0000000000000ba0
Event: 29.054 Thread 0x000001ec92c1b7b0 Uncommon trap: reason=unstable_if action=reinterpret pc=0x000001eca2feaa60 method=java.util.zip.ZipCoder.hash(Ljava/lang/String;)I @ 23 c2
Event: 29.054 Thread 0x000001ec92c1b7b0 DEOPT PACKING pc=0x000001eca2feaa60 sp=0x00000064e2cfe5e0
Event: 29.054 Thread 0x000001ec92c1b7b0 DEOPT UNPACKING pc=0x000001eca2b18582 sp=0x00000064e2cfe420 mode 2
Event: 29.054 Thread 0x000001ec92c1b7b0 Uncommon trap: trap_request=0xffffff4d fr.pc=0x000001eca2fe97d8 relative=0x0000000000000618
Event: 29.054 Thread 0x000001ec92c1b7b0 Uncommon trap: reason=unstable_if action=reinterpret pc=0x000001eca2fe97d8 method=java.util.zip.ZipCoder.hash(Ljava/lang/String;)I @ 23 c2
Event: 29.054 Thread 0x000001ec92c1b7b0 DEOPT PACKING pc=0x000001eca2fe97d8 sp=0x00000064e2cfe570
Event: 29.054 Thread 0x000001ec92c1b7b0 DEOPT UNPACKING pc=0x000001eca2b18582 sp=0x00000064e2cfe420 mode 2
Event: 29.054 Thread 0x000001ec92c1b7b0 Uncommon trap: trap_request=0xffffff4d fr.pc=0x000001eca2fe8c84 relative=0x0000000000000464
Event: 29.054 Thread 0x000001ec92c1b7b0 Uncommon trap: reason=unstable_if action=reinterpret pc=0x000001eca2fe8c84 method=java.util.zip.ZipCoder.hash(Ljava/lang/String;)I @ 23 c2
Event: 29.054 Thread 0x000001ec92c1b7b0 DEOPT PACKING pc=0x000001eca2fe8c84 sp=0x00000064e2cfe500
Event: 29.054 Thread 0x000001ec92c1b7b0 DEOPT UNPACKING pc=0x000001eca2b18582 sp=0x00000064e2cfe420 mode 2
Event: 29.054 Thread 0x000001ec92c1b7b0 Uncommon trap: trap_request=0xffffff4d fr.pc=0x000001eca2fe0230 relative=0x0000000000000170
Event: 29.054 Thread 0x000001ec92c1b7b0 Uncommon trap: reason=unstable_if action=reinterpret pc=0x000001eca2fe0230 method=java.util.zip.ZipCoder.hash(Ljava/lang/String;)I @ 23 c2
Event: 29.054 Thread 0x000001ec92c1b7b0 DEOPT PACKING pc=0x000001eca2fe0230 sp=0x00000064e2cfe490
Event: 29.054 Thread 0x000001ec92c1b7b0 DEOPT UNPACKING pc=0x000001eca2b18582 sp=0x00000064e2cfe418 mode 2
Event: 29.054 Thread 0x000001ec92c1b7b0 Uncommon trap: trap_request=0xffffff4d fr.pc=0x000001eca3034a20 relative=0x0000000000000840
Event: 29.054 Thread 0x000001ec92c1b7b0 Uncommon trap: reason=unstable_if action=reinterpret pc=0x000001eca3034a20 method=java.util.zip.ZipCoder.hash(Ljava/lang/String;)I @ 23 c2
Event: 29.054 Thread 0x000001ec92c1b7b0 DEOPT PACKING pc=0x000001eca3034a20 sp=0x00000064e2cfe570
Event: 29.054 Thread 0x000001ec92c1b7b0 DEOPT UNPACKING pc=0x000001eca2b18582 sp=0x00000064e2cfe3d0 mode 2

Classes loaded (20 events):
Event: 29.372 Loading class java/io/EOFException done
Event: 29.372 Loading class com/sun/org/apache/xerces/internal/impl/XMLEntityScanner$1 done
Event: 29.372 Loading class com/sun/org/apache/xerces/internal/impl/XMLErrorReporter
Event: 29.373 Loading class com/sun/org/apache/xerces/internal/impl/XMLErrorReporter done
Event: 29.373 Loading class com/sun/org/apache/xerces/internal/impl/XMLNSDocumentScannerImpl
Event: 29.375 Loading class com/sun/org/apache/xerces/internal/impl/XMLDocumentScannerImpl
Event: 29.376 Loading class com/sun/org/apache/xerces/internal/impl/XMLDocumentFragmentScannerImpl
Event: 29.378 Loading class com/sun/org/apache/xerces/internal/xni/parser/XMLDocumentScanner
Event: 29.378 Loading class com/sun/org/apache/xerces/internal/xni/parser/XMLDocumentSource
Event: 29.378 Loading class com/sun/org/apache/xerces/internal/xni/parser/XMLDocumentSource done
Event: 29.378 Loading class com/sun/org/apache/xerces/internal/xni/parser/XMLDocumentScanner done
Event: 29.378 Loading class com/sun/org/apache/xerces/internal/impl/XMLEntityHandler
Event: 29.378 Loading class com/sun/org/apache/xerces/internal/impl/XMLEntityHandler done
Event: 29.378 Loading class com/sun/xml/internal/stream/XMLBufferListener
Event: 29.378 Loading class com/sun/xml/internal/stream/XMLBufferListener done
Event: 29.379 Loading class com/sun/org/apache/xerces/internal/impl/XMLScanner
Event: 29.379 Loading class com/sun/org/apache/xerces/internal/impl/XMLScanner done
Event: 29.380 Loading class com/sun/org/apache/xerces/internal/impl/XMLDocumentFragmentScannerImpl done
Event: 29.380 Loading class com/sun/org/apache/xerces/internal/impl/XMLDocumentScannerImpl done
Event: 29.380 Loading class com/sun/org/apache/xerces/internal/impl/XMLNSDocumentScannerImpl done

Classes unloaded (0 events):
No events

Classes redefined (0 events):
No events

Internal exceptions (20 events):
Event: 23.854 Thread 0x000001ec92c1b7b0 Exception <a 'java/lang/NoSuchMethodError'{0x00000000c78bc2f8}: 'java.lang.Object java.lang.invoke.DirectMethodHandle$Holder.invokeStaticInit(java.lang.Object, java.lang.Object, java.lang.Object, java.lang.Object, java.lang.Object, java.lang.Object, java.lang.Object)'> (0x00000000c78bc2f8) 
thrown [s\open\src\hotspot\share\interpreter\linkResolver.cpp, line 805]
Event: 23.863 Thread 0x000001ec92c1b7b0 Exception <a 'java/lang/NoSuchMethodError'{0x00000000c78d7c48}: 'int java.lang.invoke.DirectMethodHandle$Holder.invokeStaticInit(java.lang.Object, int, int)'> (0x00000000c78d7c48) 
thrown [s\open\src\hotspot\share\interpreter\linkResolver.cpp, line 805]
Event: 23.866 Thread 0x000001ec92c1b7b0 Exception <a 'java/lang/NoSuchMethodError'{0x00000000c78e8498}: 'int java.lang.invoke.DirectMethodHandle$Holder.invokeStaticInit(java.lang.Object, long, long)'> (0x00000000c78e8498) 
thrown [s\open\src\hotspot\share\interpreter\linkResolver.cpp, line 805]
Event: 23.869 Thread 0x000001ec92c1b7b0 Exception <a 'java/lang/NoSuchMethodError'{0x00000000c78f8490}: 'int java.lang.invoke.DirectMethodHandle$Holder.invokeStaticInit(java.lang.Object, float, float)'> (0x00000000c78f8490) 
thrown [s\open\src\hotspot\share\interpreter\linkResolver.cpp, line 805]
Event: 23.876 Thread 0x000001ec92c1b7b0 Exception <a 'java/lang/NoSuchMethodError'{0x00000000c77088e0}: 'int java.lang.invoke.DirectMethodHandle$Holder.invokeStaticInit(java.lang.Object, double, double)'> (0x00000000c77088e0) 
thrown [s\open\src\hotspot\share\interpreter\linkResolver.cpp, line 805]
Event: 23.879 Thread 0x000001ec92c1b7b0 Exception <a 'java/lang/NoSuchMethodError'{0x00000000c77115a0}: 'int java.lang.invoke.DirectMethodHandle$Holder.invokeStatic(java.lang.Object, long)'> (0x00000000c77115a0) 
thrown [s\open\src\hotspot\share\interpreter\linkResolver.cpp, line 805]
Event: 23.882 Thread 0x000001ec92c1b7b0 Exception <a 'java/lang/NoSuchMethodError'{0x00000000c7729fa8}: 'java.lang.Object java.lang.invoke.DirectMethodHandle$Holder.invokeStatic(java.lang.Object, long)'> (0x00000000c7729fa8) 
thrown [s\open\src\hotspot\share\interpreter\linkResolver.cpp, line 805]
Event: 23.889 Thread 0x000001ec92c1b7b0 Exception <a 'java/lang/NoSuchMethodError'{0x00000000c7732580}: 'java.lang.Object java.lang.invoke.DirectMethodHandle$Holder.invokeStatic(java.lang.Object, float)'> (0x00000000c7732580) 
thrown [s\open\src\hotspot\share\interpreter\linkResolver.cpp, line 805]
Event: 23.955 Thread 0x000001ec92c1b7b0 Exception <a 'java/lang/NoSuchMethodError'{0x00000000c7773bc0}: 'int java.lang.invoke.Invokers$Holder.linkToTargetMethod(java.lang.Object, java.lang.Object)'> (0x00000000c7773bc0) 
thrown [s\open\src\hotspot\share\interpreter\linkResolver.cpp, line 805]
Event: 24.012 Thread 0x000001ec92c1b7b0 Exception <a 'java/lang/NoSuchMethodError'{0x00000000c7616b58}: 'java.lang.Object java.lang.invoke.DirectMethodHandle$Holder.newInvokeSpecial(java.lang.Object, java.lang.Object, java.lang.Object, int, java.lang.Object)'> (0x00000000c7616b58) 
thrown [s\open\src\hotspot\share\interpreter\linkResolver.cpp, line 805]
Event: 24.015 Thread 0x000001ec92c1b7b0 Exception <a 'java/lang/NoSuchMethodError'{0x00000000c7627220}: 'java.lang.Object java.lang.invoke.Invokers$Holder.linkToTargetMethod(java.lang.Object, java.lang.Object, int, java.lang.Object, java.lang.Object)'> (0x00000000c7627220) 
thrown [s\open\src\hotspot\share\interpreter\linkResolver.cpp, line 805]
Event: 24.019 Thread 0x000001ec92c1b7b0 Exception <a 'java/lang/NoSuchMethodError'{0x00000000c7642918}: 'java.lang.Object java.lang.invoke.DirectMethodHandle$Holder.newInvokeSpecial(java.lang.Object, int, java.lang.Object)'> (0x00000000c7642918) 
thrown [s\open\src\hotspot\share\interpreter\linkResolver.cpp, line 805]
Event: 24.019 Thread 0x000001ec92c1b7b0 Exception <a 'java/lang/NoSuchMethodError'{0x00000000c764b1a0}: 'int java.lang.invoke.DirectMethodHandle$Holder.invokeSpecialIFC(java.lang.Object, java.lang.Object, java.lang.Object, java.lang.Object)'> (0x00000000c764b1a0) 
thrown [s\open\src\hotspot\share\interpreter\linkResolver.cpp, line 805]
Event: 24.123 Thread 0x000001ec92c1b7b0 Exception <a 'java/lang/NoSuchMethodError'{0x00000000c75423b8}: 'void java.lang.invoke.DirectMethodHandle$Holder.invokeInterface(java.lang.Object, java.lang.Object, java.lang.Object)'> (0x00000000c75423b8) 
thrown [s\open\src\hotspot\share\interpreter\linkResolver.cpp, line 805]
Event: 24.275 Thread 0x000001ec92c1b7b0 Exception <a 'java/lang/NoSuchMethodError'{0x00000000c75d6868}: 'void java.lang.invoke.DirectMethodHandle$Holder.invokeStaticInit(java.lang.Object, java.lang.Object, java.lang.Object)'> (0x00000000c75d6868) 
thrown [s\open\src\hotspot\share\interpreter\linkResolver.cpp, line 805]
Event: 24.549 Thread 0x000001ec92c1b7b0 Exception <a 'java/lang/NoSuchMethodError'{0x00000000c74278a0}: 'java.lang.Object java.lang.invoke.DirectMethodHandle$Holder.invokeVirtual(java.lang.Object, java.lang.Object, java.lang.Object)'> (0x00000000c74278a0) 
thrown [s\open\src\hotspot\share\interpreter\linkResolver.cpp, line 805]
Event: 25.030 Thread 0x000001ec92c1b7b0 Exception <a 'java/lang/NoSuchMethodError'{0x00000000c730c170}: 'void java.lang.invoke.DirectMethodHandle$Holder.invokeVirtual(java.lang.Object, java.lang.Object, java.lang.Object, java.lang.Object)'> (0x00000000c730c170) 
thrown [s\open\src\hotspot\share\interpreter\linkResolver.cpp, line 805]
Event: 26.825 Thread 0x000001ec92c1b7b0 Exception <a 'java/lang/IncompatibleClassChangeError'{0x00000000c6e35a40}: Found class java.lang.Object, but interface was expected> (0x00000000c6e35a40) 
thrown [s\open\src\hotspot\share\interpreter\linkResolver.cpp, line 872]
Event: 29.064 Thread 0x000001ec92c1b7b0 Exception <a 'java/lang/NoSuchMethodError'{0x00000000c7243688}: 'int java.lang.invoke.DirectMethodHandle$Holder.invokeSpecial(java.lang.Object, java.lang.Object, java.lang.Object, java.lang.Object, java.lang.Object)'> (0x00000000c7243688) 
thrown [s\open\src\hotspot\share\interpreter\linkResolver.cpp, line 805]
Event: 29.076 Thread 0x000001ec92c1b7b0 Exception <a 'java/lang/NoSuchMethodError'{0x00000000c7255138}: 'void java.lang.invoke.DirectMethodHandle$Holder.invokeVirtual(java.lang.Object, java.lang.Object)'> (0x00000000c7255138) 
thrown [s\open\src\hotspot\share\interpreter\linkResolver.cpp, line 805]

VM Operations (20 events):
Event: 18.465 Executing VM operation: HandshakeAllThreads (Deoptimize)
Event: 18.465 Executing VM operation: HandshakeAllThreads (Deoptimize) done
Event: 18.510 Executing VM operation: HandshakeAllThreads (Deoptimize)
Event: 18.510 Executing VM operation: HandshakeAllThreads (Deoptimize) done
Event: 21.869 Executing VM operation: HandshakeAllThreads (Deoptimize)
Event: 21.869 Executing VM operation: HandshakeAllThreads (Deoptimize) done
Event: 22.024 Executing VM operation: G1CollectForAllocation (G1 Evacuation Pause)
Event: 22.121 Executing VM operation: G1CollectForAllocation (G1 Evacuation Pause) done
Event: 25.873 Executing VM operation: HandshakeAllThreads (Deoptimize)
Event: 25.901 Executing VM operation: HandshakeAllThreads (Deoptimize) done
Event: 25.942 Executing VM operation: HandshakeAllThreads (Deoptimize)
Event: 25.942 Executing VM operation: HandshakeAllThreads (Deoptimize) done
Event: 25.942 Executing VM operation: HandshakeAllThreads (Deoptimize)
Event: 25.942 Executing VM operation: HandshakeAllThreads (Deoptimize) done
Event: 27.963 Executing VM operation: G1CollectForAllocation (G1 Evacuation Pause)
Event: 27.973 Executing VM operation: G1CollectForAllocation (G1 Evacuation Pause) done
Event: 28.815 Executing VM operation: HandshakeAllThreads (Deoptimize)
Event: 28.822 Executing VM operation: HandshakeAllThreads (Deoptimize) done
Event: 29.002 Executing VM operation: HandshakeAllThreads (Deoptimize)
Event: 29.002 Executing VM operation: HandshakeAllThreads (Deoptimize) done

Memory protections (0 events):
No events

Nmethod flushes (0 events):
No events

Events (15 events):
Event: 2.276 Thread 0x000001ec92c1b7b0 Thread added: 0x000001ec92c1b7b0
Event: 3.565 Thread 0x000001ec92c1b7b0 Thread added: 0x000001ecadb05000
Event: 3.565 Thread 0x000001ec92c1b7b0 Thread added: 0x000001ecadb09b30
Event: 3.588 Thread 0x000001ec92c1b7b0 Thread added: 0x000001ecadb0ecd0
Event: 3.588 Thread 0x000001ec92c1b7b0 Thread added: 0x000001ecadb0f8f0
Event: 3.588 Thread 0x000001ec92c1b7b0 Thread added: 0x000001ecadb10510
Event: 3.588 Thread 0x000001ec92c1b7b0 Thread added: 0x000001ecadb11130
Event: 3.640 Thread 0x000001ec92c1b7b0 Thread added: 0x000001ecadb27040
Event: 3.648 Thread 0x000001ec92c1b7b0 Thread added: 0x000001ecadb294a0
Event: 7.064 Thread 0x000001ec92c1b7b0 Thread added: 0x000001ecadc82500
Event: 7.176 Thread 0x000001ec92c1b7b0 Thread added: 0x000001ecadc86f10
Event: 16.931 Thread 0x000001ec92c1b7b0 Thread added: 0x000001ecf3cc57c0
Event: 17.215 Thread 0x000001ec92c1b7b0 Thread added: 0x000001ecf3cd5650
Event: 17.451 Thread 0x000001ec92c1b7b0 Thread added: 0x000001ecf3cf9790
Event: 26.677 Thread 0x000001ec92c1b7b0 Thread added: 0x000001ecf34b7100


Dynamic libraries:
0x00007ff7e6ad0000 - 0x00007ff7e6ae0000 	C:\Program Files\Java\jdk-24\bin\java.exe
0x00007ffcce600000 - 0x00007ffcce867000 	C:\WINDOWS\SYSTEM32\ntdll.dll
0x00007ffccc6c0000 - 0x00007ffccc789000 	C:\WINDOWS\System32\KERNEL32.DLL
0x00007ffccb9e0000 - 0x00007ffccbdd0000 	C:\WINDOWS\System32\KERNELBASE.dll
0x00007ffccc0c0000 - 0x00007ffccc20b000 	C:\WINDOWS\System32\ucrtbase.dll
0x00007ffcada30000 - 0x00007ffcada4b000 	C:\Program Files\Java\jdk-24\bin\VCRUNTIME140.dll
0x00007ffcaae40000 - 0x00007ffcaae56000 	C:\Program Files\Java\jdk-24\bin\jli.dll
0x00007ffccd7b0000 - 0x00007ffccd975000 	C:\WINDOWS\System32\USER32.dll
0x00007ffcb3dc0000 - 0x00007ffcb405a000 	C:\WINDOWS\WinSxS\amd64_microsoft.windows.common-controls_6595b64144ccf1df_6.0.26100.4768_none_3e0c112ce331287c\COMCTL32.dll
0x00007ffcccca0000 - 0x00007ffcccd49000 	C:\WINDOWS\System32\msvcrt.dll
0x00007ffccdd30000 - 0x00007ffccdd5b000 	C:\WINDOWS\System32\GDI32.dll
0x00007ffccbde0000 - 0x00007ffccbe07000 	C:\WINDOWS\System32\win32u.dll
0x00007ffccb7f0000 - 0x00007ffccb928000 	C:\WINDOWS\System32\gdi32full.dll
0x00007ffccb930000 - 0x00007ffccb9d3000 	C:\WINDOWS\System32\msvcp_win.dll
0x00007ffcccc40000 - 0x00007ffcccc6f000 	C:\WINDOWS\System32\IMM32.DLL
0x00007ffcb9b40000 - 0x00007ffcb9b4c000 	C:\Program Files\Java\jdk-24\bin\vcruntime140_1.dll
0x00007ffc6de10000 - 0x00007ffc6de9e000 	C:\Program Files\Java\jdk-24\bin\msvcp140.dll
0x00007ffc3a1a0000 - 0x00007ffc3af41000 	C:\Program Files\Java\jdk-24\bin\server\jvm.dll
0x00007ffccdc70000 - 0x00007ffccdd24000 	C:\WINDOWS\System32\ADVAPI32.dll
0x00007ffccd980000 - 0x00007ffccda26000 	C:\WINDOWS\System32\sechost.dll
0x00007ffccc590000 - 0x00007ffccc6a8000 	C:\WINDOWS\System32\RPCRT4.dll
0x00007ffccc510000 - 0x00007ffccc584000 	C:\WINDOWS\System32\WS2_32.dll
0x00007ffcbb680000 - 0x00007ffcbb68b000 	C:\WINDOWS\SYSTEM32\VERSION.dll
0x00007ffccb590000 - 0x00007ffccb5ee000 	C:\WINDOWS\SYSTEM32\POWRPROF.dll
0x00007ffcb4060000 - 0x00007ffcb4095000 	C:\WINDOWS\SYSTEM32\WINMM.dll
0x00007ffccb570000 - 0x00007ffccb584000 	C:\WINDOWS\SYSTEM32\UMPDC.dll
0x00007ffcca4b0000 - 0x00007ffcca4cb000 	C:\WINDOWS\SYSTEM32\kernel.appcore.dll
0x00007ffcb2da0000 - 0x00007ffcb2daa000 	C:\Program Files\Java\jdk-24\bin\jimage.dll
0x00007ffcc8f80000 - 0x00007ffcc91c1000 	C:\WINDOWS\SYSTEM32\DBGHELP.DLL
0x00007ffccc790000 - 0x00007ffcccb15000 	C:\WINDOWS\System32\combase.dll
0x00007ffccdb30000 - 0x00007ffccdc10000 	C:\WINDOWS\System32\OLEAUT32.dll
0x00007ffca4e30000 - 0x00007ffca4e73000 	C:\WINDOWS\SYSTEM32\dbgcore.DLL
0x00007ffccbf90000 - 0x00007ffccc029000 	C:\WINDOWS\System32\bcryptPrimitives.dll
0x00007ffca7670000 - 0x00007ffca768e000 	C:\Program Files\Java\jdk-24\bin\java.dll
0x00007ffccd4a0000 - 0x00007ffccd640000 	C:\WINDOWS\System32\ole32.dll
0x00007ffcccd50000 - 0x00007ffccd49d000 	C:\WINDOWS\System32\SHELL32.dll
0x00007ffccbe10000 - 0x00007ffccbf83000 	C:\WINDOWS\System32\wintypes.dll
0x00007ffcc92e0000 - 0x00007ffcc9b40000 	C:\WINDOWS\SYSTEM32\windows.storage.dll
0x00007ffcccb40000 - 0x00007ffcccc35000 	C:\WINDOWS\System32\SHCORE.dll
0x00007ffccdfb0000 - 0x00007ffcce01a000 	C:\WINDOWS\System32\shlwapi.dll
0x00007ffccb650000 - 0x00007ffccb679000 	C:\WINDOWS\SYSTEM32\profapi.dll
0x00007ffc68b20000 - 0x00007ffc68bf7000 	C:\Program Files\Java\jdk-24\bin\jsvml.dll
0x00007ffcb1cd0000 - 0x00007ffcb1ce0000 	C:\Program Files\Java\jdk-24\bin\net.dll
0x00007ffccaa40000 - 0x00007ffccaaab000 	C:\WINDOWS\system32\mswsock.dll
0x00007ffca30a0000 - 0x00007ffca30b6000 	C:\Program Files\Java\jdk-24\bin\nio.dll
0x00007ffc97d50000 - 0x00007ffc97d67000 	C:\Program Files\Java\jdk-24\bin\zip.dll
0x00007ffcae9d0000 - 0x00007ffcae9da000 	C:\Program Files\Java\jdk-24\bin\management.dll
0x00007ffca78c0000 - 0x00007ffca78cb000 	C:\Program Files\Java\jdk-24\bin\management_ext.dll
0x00007ffcccc90000 - 0x00007ffcccc98000 	C:\WINDOWS\System32\PSAPI.DLL
0x00007ffca98c0000 - 0x00007ffca98d8000 	C:\WINDOWS\system32\napinsp.dll
0x00007ffcc9f60000 - 0x00007ffcca086000 	C:\WINDOWS\SYSTEM32\DNSAPI.dll
0x00007ffcc9ec0000 - 0x00007ffcc9ef3000 	C:\WINDOWS\SYSTEM32\IPHLPAPI.DLL
0x00007ffcccc80000 - 0x00007ffcccc8a000 	C:\WINDOWS\System32\NSI.dll
0x00007ffca98a0000 - 0x00007ffca98b2000 	C:\WINDOWS\System32\winrnr.dll
0x00007ffca9830000 - 0x00007ffca9860000 	C:\WINDOWS\system32\nlansp_c.dll
0x00007ffca9750000 - 0x00007ffca9770000 	C:\WINDOWS\system32\wshbth.dll
0x00007ffcbc990000 - 0x00007ffcbc99b000 	C:\Windows\System32\rasadhlp.dll
0x00007ffcc37c0000 - 0x00007ffcc3846000 	C:\WINDOWS\System32\fwpuclnt.dll
0x00007ffccad00000 - 0x00007ffccad1b000 	C:\WINDOWS\SYSTEM32\CRYPTSP.dll
0x00007ffcca410000 - 0x00007ffcca44b000 	C:\WINDOWS\system32\rsaenh.dll
0x00007ffccaae0000 - 0x00007ffccab0b000 	C:\WINDOWS\SYSTEM32\USERENV.dll
0x00007ffccb620000 - 0x00007ffccb646000 	C:\WINDOWS\SYSTEM32\bcrypt.dll
0x00007ffccad20000 - 0x00007ffccad2c000 	C:\WINDOWS\SYSTEM32\CRYPTBASE.dll
0x00007ffca1700000 - 0x00007ffca1709000 	C:\Program Files\Java\jdk-24\bin\extnet.dll

JVMTI agents: none

dbghelp: loaded successfully - version: 4.0.5 - missing functions: none
symbol engine: initialized successfully - sym options: 0x614 - pdb path: .;C:\Program Files\Java\jdk-24\bin;C:\WINDOWS\SYSTEM32;C:\WINDOWS\WinSxS\amd64_microsoft.windows.common-controls_6595b64144ccf1df_6.0.26100.4768_none_3e0c112ce331287c;C:\Program Files\Java\jdk-24\bin\server

VM Arguments:
jvm_args: -Dcom.sun.management.jmxremote -Dcom.sun.management.jmxremote.port=62988 -Dcom.sun.management.jmxremote.authenticate=false -Dcom.sun.management.jmxremote.ssl=false -Dspring.jmx.enabled=true -Djava.rmi.server.hostname=localhost -Dspring.application.admin.enabled=true -Dspring.boot.project.name=breakfast -XX:+ShowCodeDetailsInExceptionMessages -Dmanagement.endpoints.jmx.exposure.include=* 
java_command: com.sulwork.breakfast.BreakfastApplication
java_class_path (initial): C:\Users\Mikaelli\Desktop\Programação\Projetos\breakfast\backend\target\classes;C:\Users\Mikaelli\.m2\repository\org\springframework\boot\spring-boot-starter-actuator\3.5.5\spring-boot-starter-actuator-3.5.5.jar;C:\Users\Mikaelli\.m2\repository\org\springframework\boot\spring-boot-starter\3.5.5\spring-boot-starter-3.5.5.jar;C:\Users\Mikaelli\.m2\repository\org\springframework\boot\spring-boot\3.5.5\spring-boot-3.5.5.jar;C:\Users\Mikaelli\.m2\repository\org\springframework\boot\spring-boot-autoconfigure\3.5.5\spring-boot-autoconfigure-3.5.5.jar;C:\Users\Mikaelli\.m2\repository\org\springframework\boot\spring-boot-starter-logging\3.5.5\spring-boot-starter-logging-3.5.5.jar;C:\Users\Mikaelli\.m2\repository\ch\qos\logback\logback-classic\1.5.18\logback-classic-1.5.18.jar;C:\Users\Mikaelli\.m2\repository\ch\qos\logback\logback-core\1.5.18\logback-core-1.5.18.jar;C:\Users\Mikaelli\.m2\repository\org\apache\logging\log4j\log4j-to-slf4j\2.24.3\log4j-to-slf4j-2.24.3.jar;C:\Users\Mikaelli\.m2\repository\org\apache\logging\log4j\log4j-api\2.24.3\log4j-api-2.24.3.jar;C:\Users\Mikaelli\.m2\repository\org\slf4j\jul-to-slf4j\2.0.17\jul-to-slf4j-2.0.17.jar;C:\Users\Mikaelli\.m2\repository\jakarta\annotation\jakarta.annotation-api\2.1.1\jakarta.annotation-api-2.1.1.jar;C:\Users\Mikaelli\.m2\repository\org\yaml\snakeyaml\2.4\snakeyaml-2.4.jar;C:\Users\Mikaelli\.m2\repository\org\springframework\boot\spring-boot-actuator-autoconfigure\3.5.5\spring-boot-actuator-autoconfigure-3.5.5.jar;C:\Users\Mikaelli\.m2\repository\org\springframework\boot\spring-boot-actuator\3.5.5\spring-boot-actuator-3.5.5.jar;C:\Users\Mikaelli\.m2\repository\com\fasterxml\jackson\datatype\jackson-datatype-jsr310\2.19.2\jackson-datatype-jsr310-2.19.2.jar;C:\Users\Mikaelli\.m2\repository\io\micrometer\micrometer-observation\1.15.3\micrometer-observation-1.15.3.jar;C:\Users\Mikaelli\.m2\repository\io\micrometer\micrometer-commons\1.15.3\micrometer-commons-1.15.3.jar;C:\Users\Mikaelli\.m2\repository\io\micrometer\micrometer-jakarta9\1.15.3\micrometer-jakarta9-1.15.3.jar;C:\Users\Mikaelli\.m2\repository\io\micrometer\micrometer-core\1.15.3\micrometer-core-1.15.3.jar;C:\Users\Mikaelli\.m2\repository\org\hdrhistogram\HdrHistogram\2.2.2\HdrHistogram-2.2.2.jar;C:\Users\Mikaelli\.m2\repository\org\latencyutils\LatencyUtils\2.0.3\LatencyUtils-2.0.3.jar;C:\Users\Mikaelli\.m2\repository\org\springframework\boot\spring-boot-starter-data-jpa\3.5.5\spring-boot-starter-data-jpa-3.5.5.jar;C:\Users\Mikaelli\.m2\repository\org\springframework\boot\spring-boot-starter-jdbc\3.5.5\spring-boot-starter-jdbc-3.5.5.jar;C:\Users\Mikaelli\.m2\repository\com\zaxxer\HikariCP\6.3.2\HikariCP-6.3.2.jar;C:\Users\Mikaelli\.m2\repository\org\springframework\spring-jdbc\6.2.10\spring-jdbc-6.2.10.jar;C:\Users\Mikaelli\.m2\repository\org\hibernate\orm\hibernate-core\6.6.26.Final\hibernate-core-6.6.26.Final.jar;C:\Users\Mikaelli\.m2\repository\jakarta\persistence\jakarta.persistence-api\3.1.0\jakarta.persistence-api-3.1.0.jar;C:\Users\Mikaelli\.m2\repository\jakarta\transaction\jakarta.transaction-api\2.0.1\jakarta.transaction-api-2.0.1.jar;C:\Users\Mikaelli\.m2\repository\org\jboss\logging\jboss-logging\3.6.1.Final\jboss-logging-3.6.1.Final.jar;C:\Users\Mikaelli\.m2\repository\org\hibernate\common\hibernate-commons-annotations\7.0.3.Final\hibernate-commons-annotations-7.0.3.Final.jar;C:\Users\Mikaelli\.m2\repository\io\smallrye\jandex\3.2.0\jandex-3.2.0.jar;C:\Users\Mikaelli\.m2\repository\com\fasterxml\classmate\1.7.0\classmate-1.7.0.jar;C:\Users\Mikaelli\.m2\repository\net\bytebuddy\byte-buddy\1.17.7\byte-buddy-1.17.7.jar;C:\Users\Mikaelli\.m2\repository\org\glassfish\jaxb\jaxb-runtime\4.0.5\jaxb-runtime-4.0.5.jar;C:\Users\Mikaelli\.m2\repository\org\glassfish\jaxb\jaxb-core\4.0.5\jaxb-core-4.0.5.jar;C:\Users\Mikaelli\.m2\repository\org\eclipse\angus\angus-activation\2.0.2\angus-activation-2.0.2.jar;C:\Users\Mikaelli\.m2\repository\org\glassfish\jaxb\txw2\4.0.5\txw2-4.0.5.jar;C:\Users\Mikaelli\.m2\repository\com\sun\istack\istack-commons-runtime\4.1.2\istack-commons-runtime-4.1.2.jar;C:\Users\Mikaelli\.m2\repository\jakarta\inject\jakarta.inject-api\2.0.1\jakarta.inject-api-2.0.1.jar;C:\Users\Mikaelli\.m2\repository\org\antlr\antlr4-runtime\4.13.0\antlr4-runtime-4.13.0.jar;C:\Users\Mikaelli\.m2\repository\org\springframework\data\spring-data-jpa\3.5.3\spring-data-jpa-3.5.3.jar;C:\Users\Mikaelli\.m2\repository\org\springframework\data\spring-data-commons\3.5.3\spring-data-commons-3.5.3.jar;C:\Users\Mikaelli\.m2\repository\org\springframework\spring-orm\6.2.10\spring-orm-6.2.10.jar;C:\Users\Mikaelli\.m2\repository\org\springframework\spring-context\6.2.10\spring-context-6.2.10.jar;C:\Users\Mikaelli\.m2\repository\org\springframework\spring-tx\6.2.10\spring-tx-6.2.10.jar;C:\Users\Mikaelli\.m2\repository\org\springframework\spring-beans\6.2.10\spring-beans-6.2.10.jar;C:\Users\Mikaelli\.m2\repository\org\slf4j\slf4j-api\2.0.17\slf4j-api-2.0.17.jar;C:\Users\Mikaelli\.m2\repository\org\springframework\spring-aspects\6.2.10\spring-aspects-6.2.10.jar;C:\Users\Mikaelli\.m2\repository\org\aspectj\aspectjweaver\1.9.24\aspectjweaver-1.9.24.jar;C:\Users\Mikaelli\.m2\repository\org\springframework\boot\spring-boot-starter-validation\3.5.5\spring-boot-starter-validation-3.5.5.jar;C:\Users\Mikaelli\.m2\repository\org\apache\tomcat\embed\tomcat-embed-el\10.1.44\tomcat-embed-el-10.1.44.jar;C:\Users\Mikaelli\.m2\repository\org\hibernate\validator\hibernate-validator\8.0.3.Final\hibernate-validator-8.0.3.Final.jar;C:\Users\Mikaelli\.m2\repository\jakarta\validation\jakarta.validation-api\3.0.2\jakarta.validation-api-3.0.2.jar;C:\Users\Mikaelli\.m2\repository\org\springframework\boot\spring-boot-starter-web\3.5.5\spring-boot-starter-web-3.5.5.jar;C:\Users\Mikaelli\.m2\repository\org\springframework\boot\spring-boot-starter-json\3.5.5\spring-boot-starter-json-3.5.5.jar;C:\Users\Mikaelli\.m2\repository\com\fasterxml\jackson\datatype\jackson-datatype-jdk8\2.19.2\jackson-datatype-jdk8-2.19.2.jar;C:\Users\Mikaelli\.m2\repository\com\fasterxml\jackson\module\jackson-module-parameter-names\2.19.2\jackson-module-parameter-names-2.19.2.jar;C:\Users\Mikaelli\.m2\repository\org\springframework\boot\spring-boot-starter-tomcat\3.5.5\spring-boot-starter-tomcat-3.5.5.jar;C:\Users\Mikaelli\.m2\repository\org\apache\tomcat\embed\tomcat-embed-core\10.1.44\tomcat-embed-core-10.1.44.jar;C:\Users\Mikaelli\.m2\repository\org\apache\tomcat\embed\tomcat-embed-websocket\10.1.44\tomcat-embed-websocket-10.1.44.jar;C:\Users\Mikaelli\.m2\repository\org\springframework\spring-web\6.2.10\spring-web-6.2.10.jar;C:\Users\Mikaelli\.m2\repository\org\springframework\spring-webmvc\6.2.10\spring-webmvc-6.2.10.jar;C:\Users\Mikaelli\.m2\repository\org\springframework\spring-expression\6.2.10\spring-expression-6.2.10.jar;C:\Users\Mikaelli\.m2\repository\org\postgresql\postgresql\42.7.7\postgresql-42.7.7.jar;C:\Users\Mikaelli\.m2\repository\org\checkerframework\checker-qual\3.49.3\checker-qual-3.49.3.jar;C:\Users\Mikaelli\.m2\repository\org\springframework\boot\spring-boot-starter-security\3.5.5\spring-boot-starter-security-3.5.5.jar;C:\Users\Mikaelli\.m2\repository\org\springframework\spring-aop\6.2.10\spring-aop-6.2.10.jar;C:\Users\Mikaelli\.m2\repository\org\springframework\security\spring-security-config\6.5.3\spring-security-config-6.5.3.jar;C:\Users\Mikaelli\.m2\repository\org\springframework\security\spring-security-web\6.5.3\spring-security-web-6.5.3.jar;C:\Users\Mikaelli\.m2\repository\org\springframework\security\spring-security-core\6.5.3\spring-security-core-6.5.3.jar;C:\Users\Mikaelli\.m2\repository\org\springframework\security\spring-security-crypto\6.5.3\spring-security-crypto-6.5.3.jar;C:\Users\Mikaelli\.m2\repository\org\springframework\spring-core\6.2.10\spring-core-6.2.10.jar;C:\Users\Mikaelli\.m2\repository\org\springframework\spring-jcl\6.2.10\spring-jcl-6.2.10.jar;C:\Users\Mikaelli\.m2\repository\io\jsonwebtoken\jjwt-api\0.11.5\jjwt-api-0.11.5.jar;C:\Users\Mikaelli\.m2\repository\io\jsonwebtoken\jjwt-impl\0.11.5\jjwt-impl-0.11.5.jar;C:\Users\Mikaelli\.m2\repository\io\jsonwebtoken\jjwt-jackson\0.11.5\jjwt-jackson-0.11.5.jar;C:\Users\Mikaelli\.m2\repository\com\fasterxml\jackson\core\jackson-databind\2.19.2\jackson-databind-2.19.2.jar;C:\Users\Mikaelli\.m2\repository\com\fasterxml\jackson\core\jackson-annotations\2.19.2\jackson-annotations-2.19.2.jar;C:\Users\Mikaelli\.m2\repository\com\fasterxml\jackson\core\jackson-core\2.19.2\jackson-core-2.19.2.jar;C:\Users\Mikaelli\.m2\repository\org\projectlombok\lombok\1.18.38\lombok-1.18.38.jar;C:\Users\Mikaelli\.m2\repository\jakarta\xml\bind\jakarta.xml.bind-api\4.0.2\jakarta.xml.bind-api-4.0.2.jar;C:\Users\Mikaelli\.m2\repository\jakarta\activation\jakarta.activation-api\2.1.3\jakarta.activation-api-2.1.3.jar
Launcher Type: SUN_STANDARD

[Global flags]
     intx CICompilerCount                          = 3                                         {product} {ergonomic}
     uint ConcGCThreads                            = 1                                         {product} {ergonomic}
     uint G1ConcRefinementThreads                  = 4                                         {product} {ergonomic}
   size_t G1HeapRegionSize                         = 1048576                                   {product} {ergonomic}
   size_t InitialHeapSize                          = 62914560                                  {product} {ergonomic}
     bool ManagementServer                         = true                                      {product} {command line}
   size_t MarkStackSize                            = 4194304                                   {product} {ergonomic}
   size_t MarkStackSizeMax                         = 536870912                                 {product} {ergonomic}
   size_t MaxHeapSize                              = 1002438656                                {product} {ergonomic}
   size_t MaxNewSize                               = 600834048                                 {product} {ergonomic}
   size_t MinHeapDeltaBytes                        = 1048576                                   {product} {ergonomic}
   size_t MinHeapSize                              = 8388608                                   {product} {ergonomic}
    uintx NonNMethodCodeHeapSize                   = 5832704                                {pd product} {ergonomic}
    uintx NonProfiledCodeHeapSize                  = 122945536                              {pd product} {ergonomic}
    uintx ProfiledCodeHeapSize                     = 122880000                              {pd product} {ergonomic}
    uintx ReservedCodeCacheSize                    = 251658240                              {pd product} {ergonomic}
     bool SegmentedCodeCache                       = true                                      {product} {ergonomic}
     bool ShowCodeDetailsInExceptionMessages       = true                                   {manageable} {command line}
   size_t SoftMaxHeapSize                          = 1002438656                             {manageable} {ergonomic}
     bool UseCompressedOops                        = true                           {product lp64_product} {ergonomic}
     bool UseG1GC                                  = true                                      {product} {ergonomic}
     bool UseLargePagesIndividualAllocation        = false                                  {pd product} {ergonomic}

Logging:
Log output configuration:
 #0: stdout all=warning uptime,level,tags foldmultilines=false
 #1: stderr all=off uptime,level,tags foldmultilines=false

Environment Variables:
PATH=C:\Program Files\Common Files\Oracle\Java\javapath;C:\WINDOWS\system32;C:\WINDOWS;C:\WINDOWS\System32\Wbem;C:\WINDOWS\System32\WindowsPowerShell\v1.0\;C:\WINDOWS\System32\OpenSSH\;C:\Program Files\Git\cmd;C:\ProgramData\chocolatey\bin;C:\tools\php84;C:\Users\Mikaelli\AppData\Local\nvm;C:\nodejs;C:\Program Files\Docker\Docker\resources\bin;C:\Users\Mikaelli\AppData\Local\Microsoft\WindowsApps;C:\Users\Mikaelli\AppData\Local\Programs\Microsoft VS Code\bin;C:\Users\Mikaelli\AppData\Local\nvm;C:\nodejs
USERNAME=Mikaelli
LANG=en_US.UTF-8
OS=Windows_NT
PROCESSOR_IDENTIFIER=Intel64 Family 6 Model 140 Stepping 1, GenuineIntel
TMP=C:\Users\Mikaelli\AppData\Local\Temp
TEMP=C:\Users\Mikaelli\AppData\Local\Temp




Periodic native trim disabled

---------------  S Y S T E M  ---------------

OS:
 Windows 11 , 64 bit Build 26100 (10.0.26100.4768)
OS uptime: 1 days 18:41 hours
Hyper-V role detected

CPU: total 4 (initial active 4) (2 cores per cpu, 2 threads per core) family 6 model 140 stepping 1 microcode 0x8a, cx8, cmov, fxsr, ht, mmx, 3dnowpref, sse, sse2, sse3, ssse3, sse4.1, sse4.2, popcnt, lzcnt, tsc, tscinvbit, avx, avx2, aes, erms, clmul, bmi1, bmi2, adx, avx512f, avx512dq, avx512cd, avx512bw, avx512vl, sha, fma, vzeroupper, avx512_vpopcntdq, avx512_vpclmulqdq, avx512_vaes, avx512_vnni, clflush, clflushopt, clwb, avx512_vbmi2, avx512_vbmi, hv, rdtscp, rdpid, fsrm, gfni, avx512_bitalg, f16c, cet_ibt, cet_ss, avx512_ifma
Processor Information for the first 4 processors :
  Max Mhz: 2995, Current Mhz: 2995, Mhz Limit: 2995

Memory: 4k page, system-wide physical 3819M (42M free)
TotalPageFile size 15595M (AvailPageFile size 4M)
current process WorkingSet (physical memory assigned to process): 105M, peak: 105M
current process commit charge ("private bytes"): 183M, peak: 183M

vm_info: Java HotSpot(TM) 64-Bit Server VM (24.0.2+12-54) for windows-amd64 JRE (24.0.2+12-54), built on 2025-07-08T12:10:27Z with MS VC++ 17.6 (VS2022)

END.
